<?xml version="1.0" encoding="UTF-8"?>
<!-- Generated by org.testng.reporters.JUnitXMLReporter -->
<testsuite hostname="DESKTOP-UUTUU8G" ignored="26" name="Test" tests="14" failures="0" timestamp="05 Sep 2019 10:14:16 GMT" time="56.604" errors="0">
  <testcase name="pageTitleVerify" time="0.024" classname="Practice_Section.HomePage"/>
  <testcase name="pageTitleVerify" time="5.379" classname="Practice_Section.HowItWorksPage"/>
  <testcase name="pageTitleVerify" time="3.522" classname="Practice_Section.FAQPage"/>
  <testcase name="pageTitleVerify" time="4.612" classname="Practice_Section.OurServices"/>
  <testcase name="pageTitleVerify" time="3.932" classname="Practice_Section.ArtificialInteligencePage"/>
  <testcase name="pageTitleVerify" time="3.7" classname="Practice_Section.DevelopementTeamPage"/>
  <testcase name="pageTitleVerify" time="3.622" classname="Practice_Section.SoftwareDevPage"/>
  <testcase name="pageTitleVerify" time="3.572" classname="Practice_Section.MobileAppDevPage"/>
  <testcase name="pageTitleVerify" time="4.874" classname="Practice_Section.WebCloudApplicationPage"/>
  <testcase name="pageTitleVerify" time="3.479" classname="Practice_Section.SoftwareModernizationPage"/>
  <testcase name="pageTitleVerify" time="3.731" classname="Practice_Section.PricingPage"/>
  <testcase name="pageTitleVerify" time="3.155" classname="Practice_Section.ClientsPage"/>
  <testcase name="pageTitleVerify" time="6.354" classname="Practice_Section.TestimonialPage"/>
  <testcase name="pageTitleVerify" time="6.523" classname="Practice_Section.ContactPage"/>
  <testcase name="@AfterSuite teardown" time="0.0" classname="resources.Base">
    <ignored/>
  </testcase> <!-- @AfterSuite teardown -->
  <testcase name="@AfterSuite teardown" time="0.0" classname="resources.Base">
    <ignored/>
  </testcase> <!-- @AfterSuite teardown -->
  <testcase name="@AfterSuite teardown" time="0.0" classname="resources.Base">
    <ignored/>
  </testcase> <!-- @AfterSuite teardown -->
  <testcase name="@AfterSuite teardown" time="0.0" classname="resources.Base">
    <ignored/>
  </testcase> <!-- @AfterSuite teardown -->
  <testcase name="@AfterSuite teardown" time="0.0" classname="resources.Base">
    <ignored/>
  </testcase> <!-- @AfterSuite teardown -->
  <testcase name="@AfterSuite teardown" time="0.0" classname="resources.Base">
    <ignored/>
  </testcase> <!-- @AfterSuite teardown -->
  <testcase name="@AfterSuite teardown" time="0.0" classname="resources.Base">
    <ignored/>
  </testcase> <!-- @AfterSuite teardown -->
  <testcase name="@AfterSuite teardown" time="0.0" classname="resources.Base">
    <ignored/>
  </testcase> <!-- @AfterSuite teardown -->
  <testcase name="@AfterSuite teardown" time="0.0" classname="resources.Base">
    <ignored/>
  </testcase> <!-- @AfterSuite teardown -->
  <testcase name="@AfterSuite teardown" time="0.0" classname="resources.Base">
    <ignored/>
  </testcase> <!-- @AfterSuite teardown -->
  <testcase name="@AfterSuite teardown" time="0.0" classname="resources.Base">
    <ignored/>
  </testcase> <!-- @AfterSuite teardown -->
  <testcase name="@AfterSuite teardown" time="0.0" classname="resources.Base">
    <ignored/>
  </testcase> <!-- @AfterSuite teardown -->
  <testcase name="@AfterSuite teardown" time="0.0" classname="resources.Base">
    <ignored/>
  </testcase> <!-- @AfterSuite teardown -->
  <testcase name="@BeforeSuite initialize" time="0.0" classname="resources.Base">
    <ignored/>
  </testcase> <!-- @BeforeSuite initialize -->
  <testcase name="@BeforeSuite initialize" time="0.0" classname="resources.Base">
    <ignored/>
  </testcase> <!-- @BeforeSuite initialize -->
  <testcase name="@BeforeSuite initialize" time="0.0" classname="resources.Base">
    <ignored/>
  </testcase> <!-- @BeforeSuite initialize -->
  <testcase name="@BeforeSuite initialize" time="0.0" classname="resources.Base">
    <ignored/>
  </testcase> <!-- @BeforeSuite initialize -->
  <testcase name="@BeforeSuite initialize" time="0.0" classname="resources.Base">
    <ignored/>
  </testcase> <!-- @BeforeSuite initialize -->
  <testcase name="@BeforeSuite initialize" time="0.0" classname="resources.Base">
    <ignored/>
  </testcase> <!-- @BeforeSuite initialize -->
  <testcase name="@BeforeSuite initialize" time="0.0" classname="resources.Base">
    <ignored/>
  </testcase> <!-- @BeforeSuite initialize -->
  <testcase name="@BeforeSuite initialize" time="0.0" classname="resources.Base">
    <ignored/>
  </testcase> <!-- @BeforeSuite initialize -->
  <testcase name="@BeforeSuite initialize" time="0.0" classname="resources.Base">
    <ignored/>
  </testcase> <!-- @BeforeSuite initialize -->
  <testcase name="@BeforeSuite initialize" time="0.0" classname="resources.Base">
    <ignored/>
  </testcase> <!-- @BeforeSuite initialize -->
  <testcase name="@BeforeSuite initialize" time="0.0" classname="resources.Base">
    <ignored/>
  </testcase> <!-- @BeforeSuite initialize -->
  <testcase name="@BeforeSuite initialize" time="0.0" classname="resources.Base">
    <ignored/>
  </testcase> <!-- @BeforeSuite initialize -->
  <testcase name="@BeforeSuite initialize" time="0.0" classname="resources.Base">
    <ignored/>
  </testcase> <!-- @BeforeSuite initialize -->
</testsuite> <!-- Test -->
