<?xml version="1.0" encoding="UTF-8"?>
<!-- Generated by org.testng.reporters.JUnitXMLReporter -->
<testsuite hostname="DESKTOP-UUTUU8G" ignored="0" name="Test" tests="14" failures="0" timestamp="06 Sep 2019 10:27:45 GMT" time="59.869" errors="0">
  <testcase name="pageTitleVerify" time="2.052" classname="Practice_Section.HomePage"/>
  <testcase name="pageTitleVerify" time="5.266" classname="Practice_Section.HowItWorksPage"/>
  <testcase name="pageTitleVerify" time="4.605" classname="Practice_Section.FAQPage"/>
  <testcase name="pageTitleVerify" time="4.786" classname="Practice_Section.OurServices"/>
  <testcase name="pageTitleVerify" time="4.238" classname="Practice_Section.ArtificialInteligencePage"/>
  <testcase name="pageTitleVerify" time="3.849" classname="Practice_Section.DevelopementTeamPage"/>
  <testcase name="pageTitleVerify" time="4.02" classname="Practice_Section.SoftwareDevPage"/>
  <testcase name="pageTitleVerify" time="3.005" classname="Practice_Section.MobileAppDevPage"/>
  <testcase name="pageTitleVerify" time="4.339" classname="Practice_Section.WebCloudApplicationPage"/>
  <testcase name="pageTitleVerify" time="3.643" classname="Practice_Section.SoftwareModernizationPage"/>
  <testcase name="pageTitleVerify" time="3.533" classname="Practice_Section.PricingPage"/>
  <testcase name="pageTitleVerify" time="5.382" classname="Practice_Section.ClientsPage"/>
  <testcase name="pageTitleVerify" time="6.638" classname="Practice_Section.TestimonialPage"/>
  <testcase name="pageTitleVerify" time="4.439" classname="Practice_Section.ContactPage"/>
</testsuite> <!-- Test -->
