<?xml version="1.0" encoding="UTF-8"?>
<!-- Generated by org.testng.reporters.JUnitXMLReporter -->
<testsuite hostname="DESKTOP-UUTUU8G" ignored="0" name="Test" tests="14" failures="0" timestamp="04 Sep 2019 11:37:30 GMT" time="450.732" errors="0">
  <testcase name="initialize" time="21.986" classname="Practice_Section.Al_MLPage"/>
  <testcase name="initialize" time="40.923" classname="Practice_Section.ClientsPage"/>
  <testcase name="initialize" time="21.475" classname="Practice_Section.Contact_UsPAge"/>
  <testcase name="initialize" time="17.709" classname="Practice_Section.Development_TeamPage"/>
  <testcase name="initialize" time="81.626" classname="Practice_Section.FAQPage"/>
  <testcase name="initialize" time="11.783" classname="Practice_Section.HomePage"/>
  <testcase name="initialize" time="51.16" classname="Practice_Section.How_It_Works"/>
  <testcase name="initialize" time="29.404" classname="Practice_Section.MobileA_DevPage"/>
  <testcase name="initialize" time="24.931" classname="Practice_Section.OurServices"/>
  <testcase name="initialize" time="21.22" classname="Practice_Section.Pricing_Page"/>
  <testcase name="initialize" time="36.599" classname="Practice_Section.Software_DevPAge"/>
  <testcase name="initialize" time="22.045" classname="Practice_Section.Software_ModernizationPage"/>
  <testcase name="initialize" time="50.741" classname="Practice_Section.Testimonials_Page"/>
  <testcase name="initialize" time="19.06" classname="Practice_Section.WebCloud_AppPage"/>
</testsuite> <!-- Test -->
