<?xml version="1.0" encoding="UTF-8"?>
<!-- Generated by org.testng.reporters.JUnitXMLReporter -->
<testsuite hostname="DESKTOP-UUTUU8G" ignored="0" name="Test" tests="14" failures="0" timestamp="06 Sep 2019 10:35:11 GMT" time="60.435" errors="0">
  <testcase name="pageTitleVerify" time="2.035" classname="Practice_Section.HomePage"/>
  <testcase name="pageTitleVerify" time="2.742" classname="Practice_Section.HowItWorksPage"/>
  <testcase name="pageTitleVerify" time="2.845" classname="Practice_Section.FAQPage"/>
  <testcase name="pageTitleVerify" time="3.319" classname="Practice_Section.OurServices"/>
  <testcase name="pageTitleVerify" time="3.307" classname="Practice_Section.ArtificialInteligencePage"/>
  <testcase name="pageTitleVerify" time="3.95" classname="Practice_Section.DevelopementTeamPage"/>
  <testcase name="pageTitleVerify" time="3.685" classname="Practice_Section.SoftwareDevPage"/>
  <testcase name="pageTitleVerify" time="2.481" classname="Practice_Section.MobileAppDevPage"/>
  <testcase name="pageTitleVerify" time="4.571" classname="Practice_Section.WebCloudApplicationPage"/>
  <testcase name="pageTitleVerify" time="3.417" classname="Practice_Section.SoftwareModernizationPage"/>
  <testcase name="pageTitleVerify" time="4.26" classname="Practice_Section.PricingPage"/>
  <testcase name="pageTitleVerify" time="5.095" classname="Practice_Section.ClientsPage"/>
  <testcase name="pageTitleVerify" time="8.12" classname="Practice_Section.TestimonialPage"/>
  <testcase name="pageTitleVerify" time="10.551" classname="Practice_Section.ContactPage"/>
</testsuite> <!-- Test -->
