<?xml version="1.0" encoding="UTF-8"?>
<testng-results skipped="0" failed="0" ignored="0" total="14" passed="14">
  <reporter-output>
  </reporter-output>
  <suite name="Suite" duration-ms="60435" started-at="2019-09-06T10:34:10Z" finished-at="2019-09-06T10:35:11Z">
    <groups>
    </groups>
    <test name="Test" duration-ms="60435" started-at="2019-09-06T10:34:10Z" finished-at="2019-09-06T10:35:11Z">
      <class name="Practice_Section.WebCloudApplicationPage">
        <test-method status="PASS" signature="pageTitleVerify()[pri:0, instance:Practice_Section.WebCloudApplicationPage@72057ecf]" name="pageTitleVerify" duration-ms="4571" started-at="2019-09-06T10:34:35Z" finished-at="2019-09-06T10:34:39Z">
          <reporter-output>
          </reporter-output>
        </test-method> <!-- pageTitleVerify -->
      </class> <!-- Practice_Section.WebCloudApplicationPage -->
      <class name="Practice_Section.FAQPage">
        <test-method status="PASS" signature="pageTitleVerify()[pri:0, instance:Practice_Section.FAQPage@393671df]" name="pageTitleVerify" duration-ms="2845" started-at="2019-09-06T10:34:15Z" finished-at="2019-09-06T10:34:18Z">
          <reporter-output>
          </reporter-output>
        </test-method> <!-- pageTitleVerify -->
      </class> <!-- Practice_Section.FAQPage -->
      <class name="Practice_Section.TestimonialPage">
        <test-method status="PASS" signature="pageTitleVerify()[pri:0, instance:Practice_Section.TestimonialPage@43195e57]" name="pageTitleVerify" duration-ms="8120" started-at="2019-09-06T10:34:52Z" finished-at="2019-09-06T10:35:00Z">
          <reporter-output>
          </reporter-output>
        </test-method> <!-- pageTitleVerify -->
      </class> <!-- Practice_Section.TestimonialPage -->
      <class name="Practice_Section.ClientsPage">
        <test-method status="PASS" signature="pageTitleVerify()[pri:0, instance:Practice_Section.ClientsPage@1ab3a8c8]" name="pageTitleVerify" duration-ms="5095" started-at="2019-09-06T10:34:47Z" finished-at="2019-09-06T10:34:52Z">
          <reporter-output>
          </reporter-output>
        </test-method> <!-- pageTitleVerify -->
      </class> <!-- Practice_Section.ClientsPage -->
      <class name="Practice_Section.HowItWorksPage">
        <test-method status="PASS" signature="beforetest()[pri:0, instance:Practice_Section.HowItWorksPage@7714e963]" name="beforetest" is-config="true" duration-ms="14783" started-at="2019-09-06T10:33:55Z" finished-at="2019-09-06T10:34:10Z">
          <reporter-output>
          </reporter-output>
        </test-method> <!-- beforetest -->
        <test-method status="PASS" signature="pageTitleVerify()[pri:0, instance:Practice_Section.HowItWorksPage@7714e963]" name="pageTitleVerify" duration-ms="2742" started-at="2019-09-06T10:34:12Z" finished-at="2019-09-06T10:34:15Z">
          <reporter-output>
          </reporter-output>
        </test-method> <!-- pageTitleVerify -->
        <test-method status="PASS" signature="afterTest()[pri:0, instance:Practice_Section.HowItWorksPage@7714e963]" name="afterTest" is-config="true" duration-ms="811" started-at="2019-09-06T10:35:11Z" finished-at="2019-09-06T10:35:12Z">
          <reporter-output>
          </reporter-output>
        </test-method> <!-- afterTest -->
      </class> <!-- Practice_Section.HowItWorksPage -->
      <class name="Practice_Section.SoftwareDevPage">
        <test-method status="PASS" signature="pageTitleVerify()[pri:0, instance:Practice_Section.SoftwareDevPage@5f058f00]" name="pageTitleVerify" duration-ms="3685" started-at="2019-09-06T10:34:29Z" finished-at="2019-09-06T10:34:32Z">
          <reporter-output>
          </reporter-output>
        </test-method> <!-- pageTitleVerify -->
      </class> <!-- Practice_Section.SoftwareDevPage -->
      <class name="Practice_Section.ContactPage">
        <test-method status="PASS" signature="pageTitleVerify()[pri:0, instance:Practice_Section.ContactPage@333291e3]" name="pageTitleVerify" duration-ms="10551" started-at="2019-09-06T10:35:00Z" finished-at="2019-09-06T10:35:11Z">
          <reporter-output>
          </reporter-output>
        </test-method> <!-- pageTitleVerify -->
      </class> <!-- Practice_Section.ContactPage -->
      <class name="Practice_Section.MobileAppDevPage">
        <test-method status="PASS" signature="pageTitleVerify()[pri:0, instance:Practice_Section.MobileAppDevPage@192d43ce]" name="pageTitleVerify" duration-ms="2481" started-at="2019-09-06T10:34:32Z" finished-at="2019-09-06T10:34:35Z">
          <reporter-output>
          </reporter-output>
        </test-method> <!-- pageTitleVerify -->
      </class> <!-- Practice_Section.MobileAppDevPage -->
      <class name="Practice_Section.HomePage">
        <test-method status="PASS" signature="pageTitleVerify()[pri:0, instance:Practice_Section.HomePage@20ce78ec]" name="pageTitleVerify" duration-ms="2035" started-at="2019-09-06T10:34:10Z" finished-at="2019-09-06T10:34:12Z">
          <reporter-output>
          </reporter-output>
        </test-method> <!-- pageTitleVerify -->
      </class> <!-- Practice_Section.HomePage -->
      <class name="Practice_Section.DevelopementTeamPage">
        <test-method status="PASS" signature="pageTitleVerify()[pri:0, instance:Practice_Section.DevelopementTeamPage@55b7a4e0]" name="pageTitleVerify" duration-ms="3950" started-at="2019-09-06T10:34:25Z" finished-at="2019-09-06T10:34:29Z">
          <reporter-output>
          </reporter-output>
        </test-method> <!-- pageTitleVerify -->
      </class> <!-- Practice_Section.DevelopementTeamPage -->
      <class name="Practice_Section.SoftwareModernizationPage">
        <test-method status="PASS" signature="pageTitleVerify()[pri:0, instance:Practice_Section.SoftwareModernizationPage@1afd44cb]" name="pageTitleVerify" duration-ms="3417" started-at="2019-09-06T10:34:39Z" finished-at="2019-09-06T10:34:43Z">
          <reporter-output>
          </reporter-output>
        </test-method> <!-- pageTitleVerify -->
      </class> <!-- Practice_Section.SoftwareModernizationPage -->
      <class name="Practice_Section.PricingPage">
        <test-method status="PASS" signature="pageTitleVerify()[pri:0, instance:Practice_Section.PricingPage@6973b51b]" name="pageTitleVerify" duration-ms="4260" started-at="2019-09-06T10:34:43Z" finished-at="2019-09-06T10:34:47Z">
          <reporter-output>
          </reporter-output>
        </test-method> <!-- pageTitleVerify -->
      </class> <!-- Practice_Section.PricingPage -->
      <class name="Practice_Section.ArtificialInteligencePage">
        <test-method status="PASS" signature="pageTitleVerify()[pri:0, instance:Practice_Section.ArtificialInteligencePage@6eda5c9]" name="pageTitleVerify" duration-ms="3307" started-at="2019-09-06T10:34:21Z" finished-at="2019-09-06T10:34:25Z">
          <reporter-output>
          </reporter-output>
        </test-method> <!-- pageTitleVerify -->
      </class> <!-- Practice_Section.ArtificialInteligencePage -->
      <class name="Practice_Section.OurServices">
        <test-method status="PASS" signature="pageTitleVerify()[pri:0, instance:Practice_Section.OurServices@56620197]" name="pageTitleVerify" duration-ms="3319" started-at="2019-09-06T10:34:18Z" finished-at="2019-09-06T10:34:21Z">
          <reporter-output>
          </reporter-output>
        </test-method> <!-- pageTitleVerify -->
      </class> <!-- Practice_Section.OurServices -->
    </test> <!-- Test -->
  </suite> <!-- Suite -->
</testng-results>
