<?xml version="1.0" encoding="UTF-8"?>
<testng-results skipped="0" failed="0" ignored="0" total="14" passed="14">
  <reporter-output>
  </reporter-output>
  <suite name="Suite" duration-ms="59869" started-at="2019-09-06T10:26:45Z" finished-at="2019-09-06T10:27:45Z">
    <groups>
    </groups>
    <test name="Test" duration-ms="59869" started-at="2019-09-06T10:26:45Z" finished-at="2019-09-06T10:27:45Z">
      <class name="Practice_Section.WebCloudApplicationPage">
        <test-method status="PASS" signature="pageTitleVerify()[pri:0, instance:Practice_Section.WebCloudApplicationPage@7d8995e]" name="pageTitleVerify" duration-ms="4339" started-at="2019-09-06T10:27:17Z" finished-at="2019-09-06T10:27:21Z">
          <reporter-output>
          </reporter-output>
        </test-method> <!-- pageTitleVerify -->
      </class> <!-- Practice_Section.WebCloudApplicationPage -->
      <class name="Practice_Section.FAQPage">
        <test-method status="PASS" signature="pageTitleVerify()[pri:0, instance:Practice_Section.FAQPage@747ddf94]" name="pageTitleVerify" duration-ms="4605" started-at="2019-09-06T10:26:53Z" finished-at="2019-09-06T10:26:57Z">
          <reporter-output>
          </reporter-output>
        </test-method> <!-- pageTitleVerify -->
      </class> <!-- Practice_Section.FAQPage -->
      <class name="Practice_Section.TestimonialPage">
        <test-method status="PASS" signature="pageTitleVerify()[pri:0, instance:Practice_Section.TestimonialPage@6aeb35e6]" name="pageTitleVerify" duration-ms="6638" started-at="2019-09-06T10:27:34Z" finished-at="2019-09-06T10:27:41Z">
          <reporter-output>
          </reporter-output>
        </test-method> <!-- pageTitleVerify -->
      </class> <!-- Practice_Section.TestimonialPage -->
      <class name="Practice_Section.ClientsPage">
        <test-method status="PASS" signature="pageTitleVerify()[pri:0, instance:Practice_Section.ClientsPage@293a5bf6]" name="pageTitleVerify" duration-ms="5382" started-at="2019-09-06T10:27:29Z" finished-at="2019-09-06T10:27:34Z">
          <reporter-output>
          </reporter-output>
        </test-method> <!-- pageTitleVerify -->
      </class> <!-- Practice_Section.ClientsPage -->
      <class name="Practice_Section.HowItWorksPage">
        <test-method status="PASS" signature="beforetest()[pri:0, instance:Practice_Section.HowItWorksPage@5b8dfcc1]" name="beforetest" is-config="true" duration-ms="21390" started-at="2019-09-06T10:26:24Z" finished-at="2019-09-06T10:26:45Z">
          <reporter-output>
          </reporter-output>
        </test-method> <!-- beforetest -->
        <test-method status="PASS" signature="pageTitleVerify()[pri:0, instance:Practice_Section.HowItWorksPage@5b8dfcc1]" name="pageTitleVerify" duration-ms="5266" started-at="2019-09-06T10:26:47Z" finished-at="2019-09-06T10:26:53Z">
          <reporter-output>
          </reporter-output>
        </test-method> <!-- pageTitleVerify -->
        <test-method status="PASS" signature="afterTest()[pri:0, instance:Practice_Section.HowItWorksPage@5b8dfcc1]" name="afterTest" is-config="true" duration-ms="429" started-at="2019-09-06T10:27:46Z" finished-at="2019-09-06T10:27:46Z">
          <reporter-output>
          </reporter-output>
        </test-method> <!-- afterTest -->
      </class> <!-- Practice_Section.HowItWorksPage -->
      <class name="Practice_Section.SoftwareDevPage">
        <test-method status="PASS" signature="pageTitleVerify()[pri:0, instance:Practice_Section.SoftwareDevPage@4f83df68]" name="pageTitleVerify" duration-ms="4020" started-at="2019-09-06T10:27:10Z" finished-at="2019-09-06T10:27:14Z">
          <reporter-output>
          </reporter-output>
        </test-method> <!-- pageTitleVerify -->
      </class> <!-- Practice_Section.SoftwareDevPage -->
      <class name="Practice_Section.ContactPage">
        <test-method status="PASS" signature="pageTitleVerify()[pri:0, instance:Practice_Section.ContactPage@1283bb96]" name="pageTitleVerify" duration-ms="4439" started-at="2019-09-06T10:27:41Z" finished-at="2019-09-06T10:27:45Z">
          <reporter-output>
          </reporter-output>
        </test-method> <!-- pageTitleVerify -->
      </class> <!-- Practice_Section.ContactPage -->
      <class name="Practice_Section.MobileAppDevPage">
        <test-method status="PASS" signature="pageTitleVerify()[pri:0, instance:Practice_Section.MobileAppDevPage@6cf0e0ba]" name="pageTitleVerify" duration-ms="3005" started-at="2019-09-06T10:27:14Z" finished-at="2019-09-06T10:27:17Z">
          <reporter-output>
          </reporter-output>
        </test-method> <!-- pageTitleVerify -->
      </class> <!-- Practice_Section.MobileAppDevPage -->
      <class name="Practice_Section.DevelopementTeamPage">
        <test-method status="PASS" signature="pageTitleVerify()[pri:0, instance:Practice_Section.DevelopementTeamPage@55183b20]" name="pageTitleVerify" duration-ms="3849" started-at="2019-09-06T10:27:06Z" finished-at="2019-09-06T10:27:10Z">
          <reporter-output>
          </reporter-output>
        </test-method> <!-- pageTitleVerify -->
      </class> <!-- Practice_Section.DevelopementTeamPage -->
      <class name="Practice_Section.HomePage">
        <test-method status="PASS" signature="pageTitleVerify()[pri:0, instance:Practice_Section.HomePage@2f9f7dcf]" name="pageTitleVerify" duration-ms="2052" started-at="2019-09-06T10:26:45Z" finished-at="2019-09-06T10:26:47Z">
          <reporter-output>
          </reporter-output>
        </test-method> <!-- pageTitleVerify -->
      </class> <!-- Practice_Section.HomePage -->
      <class name="Practice_Section.SoftwareModernizationPage">
        <test-method status="PASS" signature="pageTitleVerify()[pri:0, instance:Practice_Section.SoftwareModernizationPage@130d63be]" name="pageTitleVerify" duration-ms="3643" started-at="2019-09-06T10:27:21Z" finished-at="2019-09-06T10:27:25Z">
          <reporter-output>
          </reporter-output>
        </test-method> <!-- pageTitleVerify -->
      </class> <!-- Practice_Section.SoftwareModernizationPage -->
      <class name="Practice_Section.PricingPage">
        <test-method status="PASS" signature="pageTitleVerify()[pri:0, instance:Practice_Section.PricingPage@42a48628]" name="pageTitleVerify" duration-ms="3533" started-at="2019-09-06T10:27:25Z" finished-at="2019-09-06T10:27:29Z">
          <reporter-output>
          </reporter-output>
        </test-method> <!-- pageTitleVerify -->
      </class> <!-- Practice_Section.PricingPage -->
      <class name="Practice_Section.ArtificialInteligencePage">
        <test-method status="PASS" signature="pageTitleVerify()[pri:0, instance:Practice_Section.ArtificialInteligencePage@1bd4fdd]" name="pageTitleVerify" duration-ms="4238" started-at="2019-09-06T10:27:02Z" finished-at="2019-09-06T10:27:06Z">
          <reporter-output>
          </reporter-output>
        </test-method> <!-- pageTitleVerify -->
      </class> <!-- Practice_Section.ArtificialInteligencePage -->
      <class name="Practice_Section.OurServices">
        <test-method status="PASS" signature="pageTitleVerify()[pri:0, instance:Practice_Section.OurServices@35e2d654]" name="pageTitleVerify" duration-ms="4786" started-at="2019-09-06T10:26:57Z" finished-at="2019-09-06T10:27:02Z">
          <reporter-output>
          </reporter-output>
        </test-method> <!-- pageTitleVerify -->
      </class> <!-- Practice_Section.OurServices -->
    </test> <!-- Test -->
  </suite> <!-- Suite -->
</testng-results>
